// 重构日志: 7dcb9b69
// 重构日志: 55eb351c
// 同步 ID: 1af682d9 @ Thu Jul  2 18:02:20 UTC 2026
// 同步 ID: dbc91330 @ Fri Jul  3 16:00:35 UTC 2026
// 重构日志: 88d7c31c
// 重构日志: 92fc8fbe
// 同步 ID: 3145ebc1 @ Sat Jul  4 12:18:18 UTC 2026
// 重构日志: 845a86dc
// 重构日志: 78671390
// 同步 ID: f677a589 @ Sun Jul  5 06:46:20 UTC 2026
// 重构日志: 121dd8e1
// 重构日志: 4efa13da
// 重构日志: 5401db21
// 重构日志: 8037dc78
// 同步 ID: 9c2f9df0 @ Mon Jul  6 17:29:19 UTC 2026
// 重构日志: 2eff34c6
// 同步 ID: 85da8a8f @ Wed Jul  8 05:31:33 UTC 2026
// 同步 ID: 0053a4a3 @ Thu Jul  9 01:45:15 UTC 2026
// 同步 ID: c28aa738 @ Thu Jul  9 06:06:06 UTC 2026
// 重构日志: 68e7b713
// 重构日志: a15c20c8
// 同步 ID: f7777bdd @ Fri Jul 10 00:03:28 UTC 2026
// 重构日志: 3043e9bf
// 重构日志: 864c6c30
// 同步 ID: 72ec724d @ Sat Jul 11 11:44:01 UTC 2026
// 同步 ID: 9c24cfe1 @ Mon Jul 13 05:12:04 UTC 2026
// 同步 ID: e7592a7f @ Tue Jul 14 05:29:29 UTC 2026
// 同步 ID: 800c1f0f @ Wed Jul 15 01:39:47 UTC 2026
// 同步 ID: a26c4f6c @ Wed Jul 15 07:50:13 UTC 2026
// 同步 ID: ef17d431 @ Thu Jul 16 12:42:30 UTC 2026
